<?xml version="1.0" encoding="UTF-8"?>
<testng-results ignored="0" total="1" passed="1" failed="0" skipped="0">
  <reporter-output>
  </reporter-output>
  <suite started-at="2022-11-18T10:13:33 IST" name="Default suite" finished-at="2022-11-18T10:13:33 IST" duration-ms="50">
    <groups>
    </groups>
    <test started-at="2022-11-18T10:13:33 IST" name="Default test" finished-at="2022-11-18T10:13:33 IST" duration-ms="50">
      <class name="day_1_methods.NewTest1">
        <test-method is-config="true" signature="login()[pri:0, instance:day_1_methods.NewTest1@44821a96]" started-at="2022-11-18T10:13:33 IST" name="login" finished-at="2022-11-18T10:13:33 IST" duration-ms="6" status="PASS">
          <reporter-output>
          </reporter-output>
        </test-method> <!-- login -->
        <test-method signature="operation()[pri:0, instance:day_1_methods.NewTest1@44821a96]" started-at="2022-11-18T10:13:33 IST" name="operation" finished-at="2022-11-18T10:13:33 IST" duration-ms="4" status="PASS">
          <reporter-output>
          </reporter-output>
        </test-method> <!-- operation -->
        <test-method is-config="true" signature="logout()[pri:0, instance:day_1_methods.NewTest1@44821a96]" started-at="2022-11-18T10:13:33 IST" name="logout" finished-at="2022-11-18T10:13:33 IST" duration-ms="1" status="PASS">
          <reporter-output>
          </reporter-output>
        </test-method> <!-- logout -->
      </class> <!-- day_1_methods.NewTest1 -->
    </test> <!-- Default test -->
  </suite> <!-- Default suite -->
</testng-results>
